# JRE version: OpenJDK Runtime Environment Temurin-17.0.7+7 (17.0.7+7) (build 17.0.7+7)
# Java VM: OpenJDK 64-Bit Server VM Temurin-17.0.7+7 (17.0.7+7, mixed mode, emulated-client, tiered, compressed oops, compressed class ptrs, g1 gc, windows-amd64)
GC Precious Log:
 CPUs: 12 total, 12 available
 Memory: 7521M
 Large Page Support: Disabled
 NUMA Support: Disabled
 Compressed Oops: Enabled (32-bit)
 Heap Region Size: 1M
 Heap Min Capacity: 8M
 Heap Initial Capacity: 118M
 Heap Max Capacity: 1G
 Pre-touch: Disabled
 Parallel Workers: 10
 Concurrent Workers: 3
 Concurrent Refinement Workers: 10
 Periodic GC: Disabled
Heap:
 garbage-first heap   total 474112K, used 178361K [0x00000000c0000000, 0x0000000100000000)
  region size 1024K, 13 young (13312K), 13 survivors (13312K)
 Metaspace       used 53775K, committed 54208K, reserved 1114112K
  class space    used 6767K, committed 6976K, reserved 1048576K
GC Heap History (20 events):
Event: 5.300 GC heap after
{Heap after GC invocations=21 (full 0):
 garbage-first heap   total 277504K, used 73950K [0x00000000c0000000, 0x0000000100000000)
  region size 1024K, 2 young (2048K), 2 survivors (2048K)
 Metaspace       used 42916K, committed 43328K, reserved 1114112K
  class space    used 5470K, committed 5632K, reserved 1048576K
}
Event: 5.423 GC heap before
{Heap before GC invocations=21 (full 0):
 garbage-first heap   total 277504K, used 167134K [0x00000000c0000000, 0x0000000100000000)
  region size 1024K, 92 young (94208K), 2 survivors (2048K)
 Metaspace       used 44075K, committed 44480K, reserved 1114112K
  class space    used 5580K, committed 5760K, reserved 1048576K
}
Event: 5.445 GC heap after
{Heap after GC invocations=22 (full 0):
 garbage-first heap   total 277504K, used 91576K [0x00000000c0000000, 0x0000000100000000)
  region size 1024K, 12 young (12288K), 12 survivors (12288K)
 Metaspace       used 44075K, committed 44480K, reserved 1114112K
  class space    used 5580K, committed 5760K, reserved 1048576K
}
Event: 5.476 GC heap before
{Heap before GC invocations=22 (full 0):
 garbage-first heap   total 277504K, used 177592K [0x00000000c0000000, 0x0000000100000000)
  region size 1024K, 97 young (99328K), 12 survivors (12288K)
 Metaspace       used 44356K, committed 44736K, reserved 1114112K
  class space    used 5597K, committed 5760K, reserved 1048576K
}
Event: 5.483 GC heap after
{Heap after GC invocations=23 (full 0):
 garbage-first heap   total 277504K, used 96188K [0x00000000c0000000, 0x0000000100000000)
  region size 1024K, 4 young (4096K), 4 survivors (4096K)
 Metaspace       used 44356K, committed 44736K, reserved 1114112K
  class space    used 5597K, committed 5760K, reserved 1048576K
}
Event: 5.525 GC heap before
{Heap before GC invocations=23 (full 0):
 garbage-first heap   total 277504K, used 185276K [0x00000000c0000000, 0x0000000100000000)
  region size 1024K, 92 young (94208K), 4 survivors (4096K)
 Metaspace       used 44628K, committed 45056K, reserved 1114112K
  class space    used 5631K, committed 5824K, reserved 1048576K
}
Event: 5.528 GC heap after
{Heap after GC invocations=24 (full 0):
 garbage-first heap   total 277504K, used 99512K [0x00000000c0000000, 0x0000000100000000)
  region size 1024K, 8 young (8192K), 8 survivors (8192K)
 Metaspace       used 44628K, committed 45056K, reserved 1114112K
  class space    used 5631K, committed 5824K, reserved 1048576K
}
Event: 5.571 GC heap before
{Heap before GC invocations=24 (full 0):
 garbage-first heap   total 277504K, used 194744K [0x00000000c0000000, 0x0000000100000000)
  region size 1024K, 102 young (104448K), 8 survivors (8192K)
 Metaspace       used 44956K, committed 45440K, reserved 1114112K
  class space    used 5665K, committed 5888K, reserved 1048576K
}
Event: 5.579 GC heap after
{Heap after GC invocations=25 (full 0):
 garbage-first heap   total 474112K, used 103300K [0x00000000c0000000, 0x0000000100000000)
  region size 1024K, 8 young (8192K), 8 survivors (8192K)
 Metaspace       used 44956K, committed 45440K, reserved 1114112K
  class space    used 5665K, committed 5888K, reserved 1048576K
}
Event: 5.847 GC heap before
{Heap before GC invocations=25 (full 0):
 garbage-first heap   total 474112K, used 353156K [0x00000000c0000000, 0x0000000100000000)
  region size 1024K, 253 young (259072K), 8 survivors (8192K)
 Metaspace       used 47508K, committed 47936K, reserved 1114112K
  class space    used 5972K, committed 6144K, reserved 1048576K
}
Event: 5.856 GC heap after
{Heap after GC invocations=26 (full 0):
 garbage-first heap   total 474112K, used 113935K [0x00000000c0000000, 0x0000000100000000)
  region size 1024K, 18 young (18432K), 18 survivors (18432K)
 Metaspace       used 47508K, committed 47936K, reserved 1114112K
  class space    used 5972K, committed 6144K, reserved 1048576K
}
Event: 6.022 GC heap before
{Heap before GC invocations=26 (full 0):
 garbage-first heap   total 474112K, used 363791K [0x00000000c0000000, 0x0000000100000000)
  region size 1024K, 263 young (269312K), 18 survivors (18432K)
 Metaspace       used 49325K, committed 49792K, reserved 1114112K
  class space    used 6215K, committed 6400K, reserved 1048576K
}
Event: 6.036 GC heap after
{Heap after GC invocations=27 (full 0):
 garbage-first heap   total 474112K, used 125551K [0x00000000c0000000, 0x0000000100000000)
  region size 1024K, 26 young (26624K), 26 survivors (26624K)
 Metaspace       used 49325K, committed 49792K, reserved 1114112K
  class space    used 6215K, committed 6400K, reserved 1048576K
}
Event: 6.172 GC heap before
{Heap before GC invocations=27 (full 0):
 garbage-first heap   total 474112K, used 372335K [0x00000000c0000000, 0x0000000100000000)
  region size 1024K, 268 young (274432K), 26 survivors (26624K)
 Metaspace       used 49700K, committed 50176K, reserved 1114112K
  class space    used 6264K, committed 6528K, reserved 1048576K
}
Event: 6.200 GC heap after
{Heap after GC invocations=28 (full 0):
 garbage-first heap   total 474112K, used 135217K [0x00000000c0000000, 0x0000000100000000)
  region size 1024K, 21 young (21504K), 21 survivors (21504K)
 Metaspace       used 49700K, committed 50176K, reserved 1114112K
  class space    used 6264K, committed 6528K, reserved 1048576K
}
Event: 6.445 GC heap before
{Heap before GC invocations=28 (full 0):
 garbage-first heap   total 474112K, used 380977K [0x00000000c0000000, 0x0000000100000000)
  region size 1024K, 262 young (268288K), 21 survivors (21504K)
 Metaspace       used 50801K, committed 51328K, reserved 1114112K
  class space    used 6430K, committed 6656K, reserved 1048576K
}
Event: 6.464 GC heap after
{Heap after GC invocations=29 (full 0):
 garbage-first heap   total 474112K, used 147281K [0x00000000c0000000, 0x0000000100000000)
  region size 1024K, 22 young (22528K), 22 survivors (22528K)
 Metaspace       used 50801K, committed 51328K, reserved 1114112K
  class space    used 6430K, committed 6656K, reserved 1048576K
}
Event: 6.667 GC heap before
{Heap before GC invocations=29 (full 0):
 garbage-first heap   total 474112K, used 385873K [0x00000000c0000000, 0x0000000100000000)
  region size 1024K, 256 young (262144K), 22 survivors (22528K)
 Metaspace       used 51786K, committed 52288K, reserved 1114112K
  class space    used 6555K, committed 6784K, reserved 1048576K
}
Event: 6.687 GC heap after
{Heap after GC invocations=30 (full 0):
 garbage-first heap   total 474112K, used 165480K [0x00000000c0000000, 0x0000000100000000)
  region size 1024K, 30 young (30720K), 30 survivors (30720K)
 Metaspace       used 51786K, committed 52288K, reserved 1114112K
  class space    used 6555K, committed 6784K, reserved 1048576K
}
Event: 7.025 GC heap before
{Heap before GC invocations=30 (full 0):
 garbage-first heap   total 474112K, used 387688K [0x00000000c0000000, 0x0000000100000000)
  region size 1024K, 247 young (252928K), 30 survivors (30720K)
 Metaspace       used 53775K, committed 54208K, reserved 1114112K
  class space    used 6767K, committed 6976K, reserved 1048576K
}

