# JRE version: OpenJDK Runtime Environment Temurin-17.0.7+7 (17.0.7+7) (build 17.0.7+7)
# Java VM: OpenJDK 64-Bit Server VM Temurin-17.0.7+7 (17.0.7+7, mixed mode, emulated-client, tiered, compressed oops, compressed class ptrs, g1 gc, windows-amd64)
GC Precious Log:
 CPUs: 12 total, 12 available
 Memory: 7521M
 Large Page Support: Disabled
 NUMA Support: Disabled
 Compressed Oops: Enabled (32-bit)
 Heap Region Size: 1M
 Heap Min Capacity: 8M
 Heap Initial Capacity: 118M
 Heap Max Capacity: 1G
 Pre-touch: Disabled
 Parallel Workers: 10
 Concurrent Workers: 3
 Concurrent Refinement Workers: 10
 Periodic GC: Disabled
Heap:
 garbage-first heap   total 65536K, used 18226K [0x00000000c0000000, 0x0000000100000000)
  region size 1024K, 1 young (1024K), 0 survivors (0K)
 Metaspace       used 37280K, committed 37632K, reserved 1114112K
  class space    used 4839K, committed 4992K, reserved 1048576K
GC Heap History (20 events):
Event: 4605.666 GC heap before
{Heap before GC invocations=311 (full 301):
 garbage-first heap   total 65536K, used 18226K [0x00000000c0000000, 0x0000000100000000)
  region size 1024K, 1 young (1024K), 0 survivors (0K)
 Metaspace       used 37280K, committed 37632K, reserved 1114112K
  class space    used 4839K, committed 4992K, reserved 1048576K
}
Event: 4605.695 GC heap after
{Heap after GC invocations=312 (full 302):
 garbage-first heap   total 65536K, used 18226K [0x00000000c0000000, 0x0000000100000000)
  region size 1024K, 0 young (0K), 0 survivors (0K)
 Metaspace       used 37280K, committed 37632K, reserved 1114112K
  class space    used 4839K, committed 4992K, reserved 1048576K
}
Event: 4615.855 GC heap before
{Heap before GC invocations=312 (full 302):
 garbage-first heap   total 65536K, used 18226K [0x00000000c0000000, 0x0000000100000000)
  region size 1024K, 1 young (1024K), 0 survivors (0K)
 Metaspace       used 37280K, committed 37632K, reserved 1114112K
  class space    used 4839K, committed 4992K, reserved 1048576K
}
Event: 4615.879 GC heap after
{Heap after GC invocations=313 (full 303):
 garbage-first heap   total 65536K, used 18226K [0x00000000c0000000, 0x0000000100000000)
  region size 1024K, 0 young (0K), 0 survivors (0K)
 Metaspace       used 37280K, committed 37632K, reserved 1114112K
  class space    used 4839K, committed 4992K, reserved 1048576K
}
Event: 4626.038 GC heap before
{Heap before GC invocations=313 (full 303):
 garbage-first heap   total 65536K, used 18226K [0x00000000c0000000, 0x0000000100000000)
  region size 1024K, 1 young (1024K), 0 survivors (0K)
 Metaspace       used 37280K, committed 37632K, reserved 1114112K
  class space    used 4839K, committed 4992K, reserved 1048576K
}
Event: 4626.062 GC heap after
{Heap after GC invocations=314 (full 304):
 garbage-first heap   total 65536K, used 18226K [0x00000000c0000000, 0x0000000100000000)
  region size 1024K, 0 young (0K), 0 survivors (0K)
 Metaspace       used 37280K, committed 37632K, reserved 1114112K
  class space    used 4839K, committed 4992K, reserved 1048576K
}
Event: 4636.236 GC heap before
{Heap before GC invocations=314 (full 304):
 garbage-first heap   total 65536K, used 18226K [0x00000000c0000000, 0x0000000100000000)
  region size 1024K, 1 young (1024K), 0 survivors (0K)
 Metaspace       used 37280K, committed 37632K, reserved 1114112K
  class space    used 4839K, committed 4992K, reserved 1048576K
}
Event: 4636.263 GC heap after
{Heap after GC invocations=315 (full 305):
 garbage-first heap   total 65536K, used 18226K [0x00000000c0000000, 0x0000000100000000)
  region size 1024K, 0 young (0K), 0 survivors (0K)
 Metaspace       used 37280K, committed 37632K, reserved 1114112K
  class space    used 4839K, committed 4992K, reserved 1048576K
}
Event: 4646.401 GC heap before
{Heap before GC invocations=315 (full 305):
 garbage-first heap   total 65536K, used 18226K [0x00000000c0000000, 0x0000000100000000)
  region size 1024K, 1 young (1024K), 0 survivors (0K)
 Metaspace       used 37280K, committed 37632K, reserved 1114112K
  class space    used 4839K, committed 4992K, reserved 1048576K
}
Event: 4646.428 GC heap after
{Heap after GC invocations=316 (full 306):
 garbage-first heap   total 65536K, used 18226K [0x00000000c0000000, 0x0000000100000000)
  region size 1024K, 0 young (0K), 0 survivors (0K)
 Metaspace       used 37280K, committed 37632K, reserved 1114112K
  class space    used 4839K, committed 4992K, reserved 1048576K
}
Event: 4656.524 GC heap before
{Heap before GC invocations=316 (full 306):
 garbage-first heap   total 65536K, used 18226K [0x00000000c0000000, 0x0000000100000000)
  region size 1024K, 1 young (1024K), 0 survivors (0K)
 Metaspace       used 37280K, committed 37632K, reserved 1114112K
  class space    used 4839K, committed 4992K, reserved 1048576K
}
Event: 4656.540 GC heap after
{Heap after GC invocations=317 (full 307):
 garbage-first heap   total 65536K, used 18226K [0x00000000c0000000, 0x0000000100000000)
  region size 1024K, 0 young (0K), 0 survivors (0K)
 Metaspace       used 37280K, committed 37632K, reserved 1114112K
  class space    used 4839K, committed 4992K, reserved 1048576K
}
Event: 4666.628 GC heap before
{Heap before GC invocations=317 (full 307):
 garbage-first heap   total 65536K, used 18226K [0x00000000c0000000, 0x0000000100000000)
  region size 1024K, 1 young (1024K), 0 survivors (0K)
 Metaspace       used 37280K, committed 37632K, reserved 1114112K
  class space    used 4839K, committed 4992K, reserved 1048576K
}
Event: 4666.653 GC heap after
{Heap after GC invocations=318 (full 308):
 garbage-first heap   total 65536K, used 18226K [0x00000000c0000000, 0x0000000100000000)
  region size 1024K, 0 young (0K), 0 survivors (0K)
 Metaspace       used 37280K, committed 37632K, reserved 1114112K
  class space    used 4839K, committed 4992K, reserved 1048576K
}
Event: 4676.850 GC heap before
{Heap before GC invocations=318 (full 308):
 garbage-first heap   total 65536K, used 18226K [0x00000000c0000000, 0x0000000100000000)
  region size 1024K, 1 young (1024K), 0 survivors (0K)
 Metaspace       used 37280K, committed 37632K, reserved 1114112K
  class space    used 4839K, committed 4992K, reserved 1048576K
}
Event: 4676.867 GC heap after
{Heap after GC invocations=319 (full 309):
 garbage-first heap   total 65536K, used 18226K [0x00000000c0000000, 0x0000000100000000)
  region size 1024K, 0 young (0K), 0 survivors (0K)
 Metaspace       used 37280K, committed 37632K, reserved 1114112K
  class space    used 4839K, committed 4992K, reserved 1048576K
}
Event: 4687.187 GC heap before
{Heap before GC invocations=319 (full 309):
 garbage-first heap   total 65536K, used 18226K [0x00000000c0000000, 0x0000000100000000)
  region size 1024K, 1 young (1024K), 0 survivors (0K)
 Metaspace       used 37280K, committed 37632K, reserved 1114112K
  class space    used 4839K, committed 4992K, reserved 1048576K
}
Event: 4687.236 GC heap after
{Heap after GC invocations=320 (full 310):
 garbage-first heap   total 65536K, used 18226K [0x00000000c0000000, 0x0000000100000000)
  region size 1024K, 0 young (0K), 0 survivors (0K)
 Metaspace       used 37280K, committed 37632K, reserved 1114112K
  class space    used 4839K, committed 4992K, reserved 1048576K
}
Event: 4697.321 GC heap before
{Heap before GC invocations=320 (full 310):
 garbage-first heap   total 65536K, used 18226K [0x00000000c0000000, 0x0000000100000000)
  region size 1024K, 1 young (1024K), 0 survivors (0K)
 Metaspace       used 37280K, committed 37632K, reserved 1114112K
  class space    used 4839K, committed 4992K, reserved 1048576K
}
Event: 4697.337 GC heap after
{Heap after GC invocations=321 (full 311):
 garbage-first heap   total 65536K, used 18226K [0x00000000c0000000, 0x0000000100000000)
  region size 1024K, 0 young (0K), 0 survivors (0K)
 Metaspace       used 37280K, committed 37632K, reserved 1114112K
  class space    used 4839K, committed 4992K, reserved 1048576K
}

